build/outputs/logs/manifest-merger-debug-report.txt
-- Merging decision tree log ---
manifest
ADDED from AndroidManifest.xml:2:1
	xmlns:android
		ADDED from AndroidManifest.xml:2:11
	package
		ADDED from AndroidManifest.xml:3:5
		INJECTED from AndroidManifest.xml:0:0
		INJECTED from AndroidManifest.xml:0:0
	android:versionName
		ADDED from AndroidManifest.xml:5:5
	android:versionCode
		ADDED from AndroidManifest.xml:4:5
		INJECTED from AndroidManifest.xml:0:0
		INJECTED from AndroidManifest.xml:0:0
uses-permission#android.permission.CAMERA
ADDED from AndroidManifest.xml:7:5
MERGED from MarkApp:captureActivity:unspecified:37:5
	android:name
		ADDED from AndroidManifest.xml:7:22
uses-permission#android.permission.INTERNET
ADDED from AndroidManifest.xml:8:5
	android:name
		ADDED from AndroidManifest.xml:8:22
uses-permission#android.permission.ACCESS_WIFI_STATE
ADDED from AndroidManifest.xml:9:5
	android:name
		ADDED from AndroidManifest.xml:9:22
uses-permission#android.permission.ACCESS_FINE_LOCATION
ADDED from AndroidManifest.xml:10:5
	android:name
		ADDED from AndroidManifest.xml:10:22
uses-permission#android.permission.ACCESS_COARSE_LOCATION
ADDED from AndroidManifest.xml:11:5
	android:name
		ADDED from AndroidManifest.xml:11:22
uses-feature#android.hardware.camera
ADDED from AndroidManifest.xml:13:5
MERGED from MarkApp:captureActivity:unspecified:40:5
	android:name
		ADDED from AndroidManifest.xml:13:19
uses-feature#android.hardware.camera.autofocus
ADDED from AndroidManifest.xml:14:5
MERGED from MarkApp:captureActivity:unspecified:41:5
	android:required
		ADDED from AndroidManifest.xml:16:9
	android:name
		ADDED from AndroidManifest.xml:15:9
uses-feature#android.hardware.touchscreen
ADDED from AndroidManifest.xml:17:5
MERGED from MarkApp:captureActivity:unspecified:51:5
	android:required
		ADDED from AndroidManifest.xml:19:9
	android:name
		ADDED from AndroidManifest.xml:18:9
application
ADDED from AndroidManifest.xml:21:5
MERGED from MarkApp:captureActivity:unspecified:63:5
	android:label
		ADDED from MarkApp:captureActivity:unspecified:66:9
	android:allowBackup
		ADDED from AndroidManifest.xml:22:9
	android:icon
		ADDED from MarkApp:captureActivity:unspecified:65:9
	android:theme
		ADDED from AndroidManifest.xml:23:9
	android:logo
		ADDED from AndroidManifest.xml:24:9
activity#com.uniajc.markapp.MainActivity
ADDED from AndroidManifest.xml:25:9
	android:configChanges
		ADDED from AndroidManifest.xml:27:13
	android:name
		ADDED from AndroidManifest.xml:26:13
intent-filter#android.intent.category.DEFAULT+com.uniajc.markapp.MainActivity
ADDED from AndroidManifest.xml:28:13
action#com.uniajc.markapp.MainActivity
ADDED from AndroidManifest.xml:29:17
	android:name
		ADDED from AndroidManifest.xml:29:25
category#android.intent.category.DEFAULT
ADDED from AndroidManifest.xml:30:17
	android:name
		ADDED from AndroidManifest.xml:30:27
activity#com.google.zxing.client.android.CaptureActivity
ADDED from AndroidManifest.xml:34:5
MERGED from MarkApp:captureActivity:unspecified:68:9
	android:windowSoftInputMode
		ADDED from AndroidManifest.xml:40:9
	android:screenOrientation
		ADDED from AndroidManifest.xml:38:9
	android:configChanges
		ADDED from AndroidManifest.xml:37:9
	android:theme
		ADDED from MarkApp:captureActivity:unspecified:74:13
	android:stateNotNeeded
		ADDED from AndroidManifest.xml:39:9
	android:clearTaskOnLaunch
		ADDED from AndroidManifest.xml:36:9
	android:name
		ADDED from AndroidManifest.xml:35:9
intent-filter#android.intent.category.DEFAULT+com.uniajc.markapp.SCAN
ADDED from AndroidManifest.xml:42:13
action#com.uniajc.markapp.SCAN
ADDED from AndroidManifest.xml:43:17
	android:name
		ADDED from AndroidManifest.xml:43:25
activity#com.uniajc.markapp.RegisterActivity
ADDED from AndroidManifest.xml:48:9
	android:name
		ADDED from AndroidManifest.xml:49:13
intent-filter#android.intent.category.DEFAULT+com.uniajc.markapp.RegisterActivity
ADDED from AndroidManifest.xml:50:13
action#com.uniajc.markapp.RegisterActivity
ADDED from AndroidManifest.xml:51:17
	android:name
		ADDED from AndroidManifest.xml:51:25
activity#com.uniajc.markapp.SplashActivity
ADDED from AndroidManifest.xml:56:9
	android:screenOrientation
		ADDED from AndroidManifest.xml:59:13
	android:theme
		ADDED from AndroidManifest.xml:58:13
	android:hardwareAccelerated
		ADDED from AndroidManifest.xml:60:13
	android:name
		ADDED from AndroidManifest.xml:57:13
intent-filter#android.intent.action.MAIN+android.intent.category.LAUNCHER
ADDED from AndroidManifest.xml:61:13
action#android.intent.action.MAIN
ADDED from AndroidManifest.xml:62:17
	android:name
		ADDED from AndroidManifest.xml:62:25
category#android.intent.category.LAUNCHER
ADDED from AndroidManifest.xml:63:17
	android:name
		ADDED from AndroidManifest.xml:63:27
activity#com.uniajc.markapp.EmpleadosActivity
ADDED from AndroidManifest.xml:67:9
	android:configChanges
		ADDED from AndroidManifest.xml:69:13
	android:name
		ADDED from AndroidManifest.xml:68:13
intent-filter#android.intent.category.DEFAULT+com.uniajc.markapp.EmpleadosActivity
ADDED from AndroidManifest.xml:70:13
action#com.uniajc.markapp.EmpleadosActivity
ADDED from AndroidManifest.xml:71:17
	android:name
		ADDED from AndroidManifest.xml:71:25
uses-sdk
INJECTED from AndroidManifest.xml:0:0 reason: use-sdk injection requested
MERGED from MarkApp:captureActivity:unspecified:33:5
	android:targetSdkVersion
		INJECTED from AndroidManifest.xml:0:0
		INJECTED from AndroidManifest.xml:0:0
	android:minSdkVersion
		INJECTED from AndroidManifest.xml:0:0
		INJECTED from AndroidManifest.xml:0:0
uses-permission#android.permission.VIBRATE
ADDED from MarkApp:captureActivity:unspecified:38:5
	android:name
		ADDED from MarkApp:captureActivity:unspecified:38:22
uses-feature#android.hardware.camera.flash
ADDED from MarkApp:captureActivity:unspecified:44:5
	android:required
		ADDED from MarkApp:captureActivity:unspecified:46:9
	android:name
		ADDED from MarkApp:captureActivity:unspecified:45:9
uses-feature#android.hardware.screen.landscape
ADDED from MarkApp:captureActivity:unspecified:47:5
	android:name
		ADDED from MarkApp:captureActivity:unspecified:47:19
uses-feature#android.hardware.wifi
ADDED from MarkApp:captureActivity:unspecified:48:5
	android:required
		ADDED from MarkApp:captureActivity:unspecified:50:9
	android:name
		ADDED from MarkApp:captureActivity:unspecified:49:9
supports-screens
ADDED from MarkApp:captureActivity:unspecified:56:5
	android:largeScreens
		ADDED from MarkApp:captureActivity:unspecified:58:9
	android:anyDensity
		ADDED from MarkApp:captureActivity:unspecified:57:9
	android:normalScreens
		ADDED from MarkApp:captureActivity:unspecified:59:9
	android:xlargeScreens
		ADDED from MarkApp:captureActivity:unspecified:61:9
	android:smallScreens
		ADDED from MarkApp:captureActivity:unspecified:60:9
intent-filter#android.intent.action.VIEW+android.intent.category.BROWSABLE+android.intent.category.DEFAULT
ADDED from MarkApp:captureActivity:unspecified:89:13
action#android.intent.action.VIEW
ADDED from MarkApp:captureActivity:unspecified:90:17
	android:name
		ADDED from MarkApp:captureActivity:unspecified:90:25
category#android.intent.category.BROWSABLE
ADDED from MarkApp:captureActivity:unspecified:93:17
	android:name
		ADDED from MarkApp:captureActivity:unspecified:93:27
data
ADDED from MarkApp:captureActivity:unspecified:95:17
	android:host
		ADDED from MarkApp:captureActivity:unspecified:96:21
	android:path
		ADDED from MarkApp:captureActivity:unspecified:97:21
	android:scheme
		ADDED from MarkApp:captureActivity:unspecified:98:21
activity#com.google.zxing.client.android.PreferencesActivity
ADDED from MarkApp:captureActivity:unspecified:137:9
	android:label
		ADDED from MarkApp:captureActivity:unspecified:139:13
	android:stateNotNeeded
		ADDED from MarkApp:captureActivity:unspecified:140:13
	android:name
		ADDED from MarkApp:captureActivity:unspecified:138:13
activity#com.google.zxing.client.android.encode.EncodeActivity
ADDED from MarkApp:captureActivity:unspecified:142:9
	android:label
		ADDED from MarkApp:captureActivity:unspecified:144:13
	android:stateNotNeeded
		ADDED from MarkApp:captureActivity:unspecified:145:13
	android:name
		ADDED from MarkApp:captureActivity:unspecified:143:13
intent-filter#android.intent.category.DEFAULT+com.google.zxing.client.android.ENCODE
ADDED from MarkApp:captureActivity:unspecified:146:13
action#com.google.zxing.client.android.ENCODE
ADDED from MarkApp:captureActivity:unspecified:147:17
	android:name
		ADDED from MarkApp:captureActivity:unspecified:147:25
intent-filter#android.intent.action.SEND+android.intent.category.DEFAULT
ADDED from MarkApp:captureActivity:unspecified:152:13
action#android.intent.action.SEND
ADDED from MarkApp:captureActivity:unspecified:153:17
	android:name
		ADDED from MarkApp:captureActivity:unspecified:153:25
activity#com.google.zxing.client.android.book.SearchBookContentsActivity
ADDED from MarkApp:captureActivity:unspecified:168:9
	android:screenOrientation
		ADDED from MarkApp:captureActivity:unspecified:172:13
	android:label
		ADDED from MarkApp:captureActivity:unspecified:171:13
	android:configChanges
		ADDED from MarkApp:captureActivity:unspecified:170:13
	android:stateNotNeeded
		ADDED from MarkApp:captureActivity:unspecified:173:13
	android:name
		ADDED from MarkApp:captureActivity:unspecified:169:13
intent-filter#android.intent.category.DEFAULT+com.google.zxing.client.android.SEARCH_BOOK_CONTENTS
ADDED from MarkApp:captureActivity:unspecified:174:13
action#com.google.zxing.client.android.SEARCH_BOOK_CONTENTS
ADDED from MarkApp:captureActivity:unspecified:175:17
	android:name
		ADDED from MarkApp:captureActivity:unspecified:175:25
activity#com.google.zxing.client.android.share.ShareActivity
ADDED from MarkApp:captureActivity:unspecified:180:9
	android:screenOrientation
		ADDED from MarkApp:captureActivity:unspecified:183:13
	android:label
		ADDED from MarkApp:captureActivity:unspecified:182:13
	android:theme
		ADDED from MarkApp:captureActivity:unspecified:185:13
	android:stateNotNeeded
		ADDED from MarkApp:captureActivity:unspecified:184:13
	android:name
		ADDED from MarkApp:captureActivity:unspecified:181:13
intent-filter#android.intent.category.DEFAULT+com.google.zxing.client.android.SHARE
ADDED from MarkApp:captureActivity:unspecified:186:13
action#com.google.zxing.client.android.SHARE
ADDED from MarkApp:captureActivity:unspecified:187:17
	android:name
		ADDED from MarkApp:captureActivity:unspecified:187:25
activity#com.google.zxing.client.android.history.HistoryActivity
ADDED from MarkApp:captureActivity:unspecified:192:9
	android:label
		ADDED from MarkApp:captureActivity:unspecified:194:13
	android:stateNotNeeded
		ADDED from MarkApp:captureActivity:unspecified:195:13
	android:name
		ADDED from MarkApp:captureActivity:unspecified:193:13
intent-filter#android.intent.action.VIEW+android.intent.category.DEFAULT
ADDED from MarkApp:captureActivity:unspecified:196:13
activity#com.google.zxing.client.android.share.BookmarkPickerActivity
ADDED from MarkApp:captureActivity:unspecified:202:9
	android:label
		ADDED from MarkApp:captureActivity:unspecified:204:13
	android:stateNotNeeded
		ADDED from MarkApp:captureActivity:unspecified:205:13
	android:name
		ADDED from MarkApp:captureActivity:unspecified:203:13
intent-filter#android.intent.action.PICK+android.intent.category.DEFAULT
ADDED from MarkApp:captureActivity:unspecified:206:13
action#android.intent.action.PICK
ADDED from MarkApp:captureActivity:unspecified:207:17
	android:name
		ADDED from MarkApp:captureActivity:unspecified:207:25
activity#com.google.zxing.client.android.share.AppPickerActivity
ADDED from MarkApp:captureActivity:unspecified:212:9
	android:label
		ADDED from MarkApp:captureActivity:unspecified:215:13
	android:configChanges
		ADDED from MarkApp:captureActivity:unspecified:214:13
	android:stateNotNeeded
		ADDED from MarkApp:captureActivity:unspecified:216:13
	android:name
		ADDED from MarkApp:captureActivity:unspecified:213:13
activity#com.google.zxing.client.android.HelpActivity
ADDED from MarkApp:captureActivity:unspecified:223:9
	android:screenOrientation
		ADDED from MarkApp:captureActivity:unspecified:225:13
	android:name
		ADDED from MarkApp:captureActivity:unspecified:224:13